<?xml version="1.0" encoding="UTF-8"?>
<!-- Generated by org.testng.reporters.JUnitXMLReporter -->
<testsuite ignored="4" hostname="DESKTOP-PTEQ8SL" failures="1" tests="5" name="Test" time="891.591" errors="0" timestamp="2023-12-08T17:59:28 IST">
  <testcase classname="Campign.Create_Campaign" name="Create_CampaignTest" time="97.762">
    <skipped/>
  </testcase> <!-- Create_CampaignTest -->
  <testcase classname="Campign.Create_Campaign" name="Create_CampaignTest" time="56.186">
    <skipped/>
  </testcase> <!-- Create_CampaignTest -->
  <testcase classname="Campign.Create_Campaign" name="Create_CampaignTest" time="108.093">
    <skipped/>
  </testcase> <!-- Create_CampaignTest -->
  <testcase classname="Campign.Create_Campaign" name="Create_CampaignTest" time="110.558">
    <failure type="java.lang.AssertionError" message="expected [true] but found [false]">
      <![CDATA[java.lang.AssertionError: expected [true] but found [false]
at Campign.Create_Campaign.Create_CampaignTest(Create_Campaign.java:150)
at java.base/java.util.ArrayList.forEach(ArrayList.java:1511)
... Removed 34 stack frames]]>
    </failure>
  </testcase> <!-- Create_CampaignTest -->
  <testcase classname="Organization.Create_Organization" name="Create_OrganizationTest" time="217.889"/>
  <testcase classname="Generic_Utilities.BaseClass" name="@BeforeTest beforeTest" time="0.0">
    <ignored/>
  </testcase> <!-- @BeforeTest beforeTest -->
  <testcase classname="Generic_Utilities.BaseClass" name="@AfterTest afterTest" time="0.0">
    <ignored/>
  </testcase> <!-- @AfterTest afterTest -->
  <testcase classname="Generic_Utilities.BaseClass" name="@AfterSuite afterSuite" time="0.0">
    <ignored/>
  </testcase> <!-- @AfterSuite afterSuite -->
  <testcase classname="Generic_Utilities.BaseClass" name="@BeforeSuite beforeSuite" time="0.0">
    <ignored/>
  </testcase> <!-- @BeforeSuite beforeSuite -->
</testsuite> <!-- Test -->
