<?xml version="1.0" encoding="UTF-8"?>
<!-- Generated by org.testng.reporters.JUnitXMLReporter -->
<testsuite ignored="0" hostname="DESKTOP-PTEQ8SL" failures="1" tests="1" name="Test2" time="98.951" errors="0" timestamp="2023-12-06T15:24:42 IST">
  <testcase classname="Organization.CreateOrganizationExtendBaseTNG" name="Create_OrganizationTest" time="36.092">
    <failure type="java.lang.AssertionError" message="expected [true] but found [false]">
      <![CDATA[java.lang.AssertionError: expected [true] but found [false]
at Organization.CreateOrganizationExtendBaseTNG.Create_OrganizationTest(CreateOrganizationExtendBaseTNG.java:93)
at java.base/java.util.ArrayList.forEach(ArrayList.java:1511)
at java.base/java.util.concurrent.FutureTask.run(FutureTask.java:264)
at java.base/java.util.concurrent.ThreadPoolExecutor.runWorker(ThreadPoolExecutor.java:1136)
at java.base/java.util.concurrent.ThreadPoolExecutor$Worker.run(ThreadPoolExecutor.java:635)
at java.base/java.lang.Thread.run(Thread.java:833)
... Removed 24 stack frames]]>
    </failure>
  </testcase> <!-- Create_OrganizationTest -->
</testsuite> <!-- Test2 -->
